<?xml version="1.0" encoding="UTF-8"?>
<TestRun id="8effcdbd-0d3c-4e08-8c3b-85ab3971a627" name="Aart@AART-PC 2012-05-31 15:20:19" runUser="Aart-PC\Aart" xmlns="http://microsoft.com/schemas/VisualStudio/TeamTest/2010">
  <TestSettings name="Local" id="2796fbf6-320d-4499-bb4d-3965ddba404f">
    <Description>These are default test settings for a local test run.</Description>
    <Deployment enabled="false" runDeploymentRoot="Aart_AART-PC 2012-05-31 15_20_19">
      <DeploymentItem filename="C:\Users\Aart\Dropbox\C#\GitHubTestApp\GitHubTestApp\bin\Debug\GitHubTestApp.exe" />
    </Deployment>
    <Execution>
      <TestTypeSpecific />
      <AgentRule name="Execution Agents">
      </AgentRule>
    </Execution>
  </TestSettings>
  <Times creation="2012-05-31T15:20:19.5430414+02:00" queuing="2012-05-31T15:20:24.7273380+02:00" start="2012-05-31T15:20:25.0663573+02:00" finish="2012-05-31T15:20:57.7192250+02:00" />
  <ResultSummary outcome="Error">
    <Counters total="1" executed="1" error="0" failed="0" timeout="0" aborted="1" inconclusive="0" passedButRunAborted="0" notRunnable="0" notExecuted="0" disconnected="0" warning="0" passed="0" completed="0" inProgress="0" pending="0" />
    <RunInfos>
      <RunInfo computerName="AART-PC" outcome="Error" timestamp="2012-05-31T15:20:57.7112245+02:00">
        <Text>Test host process exited unexpectedly.</Text>
      </RunInfo>
    </RunInfos>
  </ResultSummary>
  <TestDefinitions>
    <UnitTest name="woordOmdraaienTest" storage="c:\users\aart\dropbox\c#\githubtestapp\testproject1\bin\debug\testproject1.dll" id="4bfbda5d-1f2b-c7e8-dce6-019f769c6e0d">
      <Execution id="d084badf-e89f-4fe1-a143-d6cae7facce0" />
      <TestMethod codeBase="C:/Users/Aart/Dropbox/C#/GitHubTestApp/TestProject1/bin/Debug/TestProject1.DLL" adapterTypeName="Microsoft.VisualStudio.TestTools.TestTypes.Unit.UnitTestAdapter, Microsoft.VisualStudio.QualityTools.Tips.UnitTest.Adapter, Version=10.0.0.0, Culture=neutral, PublicKeyToken=b03f5f7f11d50a3a" className="TestProject1.ProgramTest, TestProject1, Version=1.0.0.0, Culture=neutral, PublicKeyToken=null" name="woordOmdraaienTest" />
    </UnitTest>
  </TestDefinitions>
  <TestLists>
    <TestList name="Results Not in a List" id="8c84fa94-04c1-424b-9868-57a2d4851a1d" />
    <TestList name="All Loaded Results" id="19431567-8539-422a-85d7-44ee4e166bda" />
  </TestLists>
  <TestEntries>
    <TestEntry testId="4bfbda5d-1f2b-c7e8-dce6-019f769c6e0d" executionId="d084badf-e89f-4fe1-a143-d6cae7facce0" testListId="8c84fa94-04c1-424b-9868-57a2d4851a1d" />
  </TestEntries>
  <Results>
    <UnitTestResult executionId="d084badf-e89f-4fe1-a143-d6cae7facce0" testId="4bfbda5d-1f2b-c7e8-dce6-019f769c6e0d" testName="woordOmdraaienTest" computerName="AART-PC" duration="00:00:32.4568564" startTime="2012-05-31T15:20:25.2623686+02:00" endTime="2012-05-31T15:20:57.7192250+02:00" testType="13cdc9d9-ddb5-4fa4-a97d-d965ccfc6d4b" outcome="Aborted" testListId="8c84fa94-04c1-424b-9868-57a2d4851a1d" relativeResultsDirectory="d084badf-e89f-4fe1-a143-d6cae7facce0">
    </UnitTestResult>
  </Results>
</TestRun>