<?xml version="1.0" encoding="UTF-8"?>
<TestRun id="f8016472-4806-431b-b608-30c15f222b8b" name="Aart@AART-PC 2012-05-31 15:34:38" runUser="Aart-PC\Aart" xmlns="http://microsoft.com/schemas/VisualStudio/TeamTest/2010">
  <TestSettings name="Local" id="2796fbf6-320d-4499-bb4d-3965ddba404f">
    <Description>These are default test settings for a local test run.</Description>
    <Deployment enabled="false" runDeploymentRoot="Aart_AART-PC 2012-05-31 15_34_38">
      <DeploymentItem filename="C:\Users\Aart\Dropbox\C#\GitHubTestApp\GitHubTestApp\bin\Release\GitHubTestApp.exe" />
    </Deployment>
    <Execution>
      <TestTypeSpecific />
      <AgentRule name="Execution Agents">
      </AgentRule>
    </Execution>
  </TestSettings>
  <Times creation="2012-05-31T15:34:38.4521682+02:00" queuing="2012-05-31T15:34:40.4672835+02:00" start="2012-05-31T15:34:40.7342987+02:00" finish="2012-05-31T15:34:42.8214181+02:00" />
  <ResultSummary outcome="Completed">
    <Counters total="1" executed="1" passed="1" error="0" failed="0" timeout="0" aborted="0" inconclusive="0" passedButRunAborted="0" notRunnable="0" notExecuted="0" disconnected="0" warning="0" completed="0" inProgress="0" pending="0" />
  </ResultSummary>
  <TestDefinitions>
    <UnitTest name="woordOmdraaienTest" storage="c:\users\aart\dropbox\c#\githubtestapp\testproject1\bin\release\testproject1.dll" id="4bfbda5d-1f2b-c7e8-dce6-019f769c6e0d">
      <Execution id="f8dc72a1-fef2-46ac-87bb-809ff340953e" />
      <TestMethod codeBase="C:/Users/Aart/Dropbox/C#/GitHubTestApp/TestProject1/bin/Release/TestProject1.DLL" adapterTypeName="Microsoft.VisualStudio.TestTools.TestTypes.Unit.UnitTestAdapter, Microsoft.VisualStudio.QualityTools.Tips.UnitTest.Adapter, Version=10.0.0.0, Culture=neutral, PublicKeyToken=b03f5f7f11d50a3a" className="TestProject1.ProgramTest, TestProject1, Version=1.0.0.0, Culture=neutral, PublicKeyToken=null" name="woordOmdraaienTest" />
    </UnitTest>
  </TestDefinitions>
  <TestLists>
    <TestList name="Results Not in a List" id="8c84fa94-04c1-424b-9868-57a2d4851a1d" />
    <TestList name="All Loaded Results" id="19431567-8539-422a-85d7-44ee4e166bda" />
  </TestLists>
  <TestEntries>
    <TestEntry testId="4bfbda5d-1f2b-c7e8-dce6-019f769c6e0d" executionId="f8dc72a1-fef2-46ac-87bb-809ff340953e" testListId="8c84fa94-04c1-424b-9868-57a2d4851a1d" />
  </TestEntries>
  <Results>
    <UnitTestResult executionId="f8dc72a1-fef2-46ac-87bb-809ff340953e" testId="4bfbda5d-1f2b-c7e8-dce6-019f769c6e0d" testName="woordOmdraaienTest" computerName="AART-PC" duration="00:00:00.0394436" startTime="2012-05-31T15:34:40.8503054+02:00" endTime="2012-05-31T15:34:42.6844103+02:00" testType="13cdc9d9-ddb5-4fa4-a97d-d965ccfc6d4b" outcome="Passed" testListId="8c84fa94-04c1-424b-9868-57a2d4851a1d" relativeResultsDirectory="f8dc72a1-fef2-46ac-87bb-809ff340953e">
    </UnitTestResult>
  </Results>
</TestRun>