<?xml version="1.0" encoding="UTF-8"?>
<TestRun id="d5d26d92-46d4-4070-93a3-e3115d390f0f" name="Aart@AART-PC 2012-05-31 16:00:25" runUser="Aart-PC\Aart" xmlns="http://microsoft.com/schemas/VisualStudio/TeamTest/2010">
  <TestSettings name="Local" id="2796fbf6-320d-4499-bb4d-3965ddba404f">
    <Description>These are default test settings for a local test run.</Description>
    <Deployment enabled="false" runDeploymentRoot="Aart_AART-PC 2012-05-31 16_00_25">
      <DeploymentItem filename="C:\Users\Aart\Dropbox\C#\GitHubTestApp\GitHubTestApp\bin\Debug\GitHubTestApp.exe" />
    </Deployment>
    <Execution>
      <TestTypeSpecific />
      <AgentRule name="Execution Agents">
      </AgentRule>
    </Execution>
  </TestSettings>
  <Times creation="2012-05-31T16:00:25.7566690+02:00" queuing="2012-05-31T16:00:27.6847793+02:00" start="2012-05-31T16:00:27.9177926+02:00" finish="2012-05-31T16:00:37.3573325+02:00" />
  <ResultSummary outcome="Error">
    <Counters total="6" executed="3" passed="2" error="0" failed="0" timeout="0" aborted="1" inconclusive="0" passedButRunAborted="0" notRunnable="0" notExecuted="3" disconnected="0" warning="0" completed="0" inProgress="0" pending="0" />
    <RunInfos>
      <RunInfo computerName="AART-PC" outcome="Error" timestamp="2012-05-31T16:00:37.3343312+02:00">
        <Text>Test host process exited unexpectedly.</Text>
      </RunInfo>
    </RunInfos>
  </ResultSummary>
  <TestDefinitions>
    <UnitTest name="woordOmdraaienTest" storage="c:\users\aart\dropbox\c#\githubtestapp\testproject1\bin\debug\testproject1.dll" id="4bfbda5d-1f2b-c7e8-dce6-019f769c6e0d">
      <Execution id="6e232d6e-8161-4afb-97d8-21760fcdc7c1" />
      <TestMethod codeBase="C:/Users/Aart/Dropbox/C#/GitHubTestApp/TestProject1/bin/Debug/TestProject1.DLL" adapterTypeName="Microsoft.VisualStudio.TestTools.TestTypes.Unit.UnitTestAdapter, Microsoft.VisualStudio.QualityTools.Tips.UnitTest.Adapter, Version=10.0.0.0, Culture=neutral, PublicKeyToken=b03f5f7f11d50a3a" className="TestProject1.ProgramTest, TestProject1, Version=1.0.0.0, Culture=neutral, PublicKeyToken=null" name="woordOmdraaienTest" />
    </UnitTest>
    <UnitTest name="aftrekkenTest" storage="c:\users\aart\dropbox\c#\githubtestapp\testproject1\bin\debug\testproject1.dll" id="f340e09c-2b81-0bfe-2c18-287e0ed3a4b9">
      <Execution id="487be7f1-bd38-4294-bccf-c7abab97a668" />
      <TestMethod codeBase="C:/Users/Aart/Dropbox/C#/GitHubTestApp/TestProject1/bin/Debug/TestProject1.DLL" adapterTypeName="Microsoft.VisualStudio.TestTools.TestTypes.Unit.UnitTestAdapter, Microsoft.VisualStudio.QualityTools.Tips.UnitTest.Adapter, Version=10.0.0.0, Culture=neutral, PublicKeyToken=b03f5f7f11d50a3a" className="TestProject1.ProgramTest, TestProject1, Version=1.0.0.0, Culture=neutral, PublicKeyToken=null" name="aftrekkenTest" />
    </UnitTest>
    <UnitTest name="somDerCijfersTest" storage="c:\users\aart\dropbox\c#\githubtestapp\testproject1\bin\debug\testproject1.dll" id="3b59c91d-63a3-ba64-366d-07004b8d8398">
      <Execution id="c2ddb0c1-c46e-4e92-bcb5-5323ad72a7f2" />
      <TestMethod codeBase="C:/Users/Aart/Dropbox/C#/GitHubTestApp/TestProject1/bin/Debug/TestProject1.DLL" adapterTypeName="Microsoft.VisualStudio.TestTools.TestTypes.Unit.UnitTestAdapter, Microsoft.VisualStudio.QualityTools.Tips.UnitTest.Adapter, Version=10.0.0.0, Culture=neutral, PublicKeyToken=b03f5f7f11d50a3a" className="TestProject1.ProgramTest, TestProject1, Version=1.0.0.0, Culture=neutral, PublicKeyToken=null" name="somDerCijfersTest" />
    </UnitTest>
    <UnitTest name="optellenTest" storage="c:\users\aart\dropbox\c#\githubtestapp\testproject1\bin\debug\testproject1.dll" id="4f1a172c-d2e4-b386-cda5-bf278890f95b">
      <Execution id="68ee2f7f-6d95-475a-bec9-c9a84e178d9e" />
      <TestMethod codeBase="C:/Users/Aart/Dropbox/C#/GitHubTestApp/TestProject1/bin/Debug/TestProject1.DLL" adapterTypeName="Microsoft.VisualStudio.TestTools.TestTypes.Unit.UnitTestAdapter, Microsoft.VisualStudio.QualityTools.Tips.UnitTest.Adapter, Version=10.0.0.0, Culture=neutral, PublicKeyToken=b03f5f7f11d50a3a" className="TestProject1.ProgramTest, TestProject1, Version=1.0.0.0, Culture=neutral, PublicKeyToken=null" name="optellenTest" />
    </UnitTest>
    <UnitTest name="kwadraterenTest" storage="c:\users\aart\dropbox\c#\githubtestapp\testproject1\bin\debug\testproject1.dll" id="34b6cb31-bef8-0d14-da99-76b7b01f4739">
      <Execution id="fd11b250-2e0b-4247-9a9f-32576a338718" />
      <TestMethod codeBase="C:/Users/Aart/Dropbox/C#/GitHubTestApp/TestProject1/bin/Debug/TestProject1.DLL" adapterTypeName="Microsoft.VisualStudio.TestTools.TestTypes.Unit.UnitTestAdapter, Microsoft.VisualStudio.QualityTools.Tips.UnitTest.Adapter, Version=10.0.0.0, Culture=neutral, PublicKeyToken=b03f5f7f11d50a3a" className="TestProject1.ProgramTest, TestProject1, Version=1.0.0.0, Culture=neutral, PublicKeyToken=null" name="kwadraterenTest" />
    </UnitTest>
    <UnitTest name="vermenigvuldigenTest" storage="c:\users\aart\dropbox\c#\githubtestapp\testproject1\bin\debug\testproject1.dll" id="573effb8-d350-8600-0c71-3a2a438cd7b7">
      <Execution id="aaab581e-d810-4208-ac58-869202203f35" />
      <TestMethod codeBase="C:/Users/Aart/Dropbox/C#/GitHubTestApp/TestProject1/bin/Debug/TestProject1.DLL" adapterTypeName="Microsoft.VisualStudio.TestTools.TestTypes.Unit.UnitTestAdapter, Microsoft.VisualStudio.QualityTools.Tips.UnitTest.Adapter, Version=10.0.0.0, Culture=neutral, PublicKeyToken=b03f5f7f11d50a3a" className="TestProject1.ProgramTest, TestProject1, Version=1.0.0.0, Culture=neutral, PublicKeyToken=null" name="vermenigvuldigenTest" />
    </UnitTest>
  </TestDefinitions>
  <TestLists>
    <TestList name="Results Not in a List" id="8c84fa94-04c1-424b-9868-57a2d4851a1d" />
    <TestList name="All Loaded Results" id="19431567-8539-422a-85d7-44ee4e166bda" />
  </TestLists>
  <TestEntries>
    <TestEntry testId="4bfbda5d-1f2b-c7e8-dce6-019f769c6e0d" executionId="6e232d6e-8161-4afb-97d8-21760fcdc7c1" testListId="8c84fa94-04c1-424b-9868-57a2d4851a1d" />
    <TestEntry testId="3b59c91d-63a3-ba64-366d-07004b8d8398" executionId="c2ddb0c1-c46e-4e92-bcb5-5323ad72a7f2" testListId="8c84fa94-04c1-424b-9868-57a2d4851a1d" />
    <TestEntry testId="573effb8-d350-8600-0c71-3a2a438cd7b7" executionId="aaab581e-d810-4208-ac58-869202203f35" testListId="8c84fa94-04c1-424b-9868-57a2d4851a1d" />
    <TestEntry testId="4f1a172c-d2e4-b386-cda5-bf278890f95b" executionId="68ee2f7f-6d95-475a-bec9-c9a84e178d9e" testListId="8c84fa94-04c1-424b-9868-57a2d4851a1d" />
    <TestEntry testId="34b6cb31-bef8-0d14-da99-76b7b01f4739" executionId="fd11b250-2e0b-4247-9a9f-32576a338718" testListId="8c84fa94-04c1-424b-9868-57a2d4851a1d" />
    <TestEntry testId="f340e09c-2b81-0bfe-2c18-287e0ed3a4b9" executionId="487be7f1-bd38-4294-bccf-c7abab97a668" testListId="8c84fa94-04c1-424b-9868-57a2d4851a1d" />
  </TestEntries>
  <Results>
    <UnitTestResult executionId="6e232d6e-8161-4afb-97d8-21760fcdc7c1" testId="4bfbda5d-1f2b-c7e8-dce6-019f769c6e0d" testName="woordOmdraaienTest" computerName="AART-PC" duration="00:00:00.0323022" startTime="2012-05-31T16:00:28.1048033+02:00" endTime="2012-05-31T16:00:29.7748988+02:00" testType="13cdc9d9-ddb5-4fa4-a97d-d965ccfc6d4b" outcome="Passed" testListId="8c84fa94-04c1-424b-9868-57a2d4851a1d" relativeResultsDirectory="6e232d6e-8161-4afb-97d8-21760fcdc7c1">
    </UnitTestResult>
    <UnitTestResult executionId="c2ddb0c1-c46e-4e92-bcb5-5323ad72a7f2" testId="3b59c91d-63a3-ba64-366d-07004b8d8398" testName="somDerCijfersTest" computerName="AART-PC" duration="00:00:00.0026942" startTime="2012-05-31T16:00:29.8059006+02:00" endTime="2012-05-31T16:00:29.8409026+02:00" testType="13cdc9d9-ddb5-4fa4-a97d-d965ccfc6d4b" outcome="Passed" testListId="8c84fa94-04c1-424b-9868-57a2d4851a1d" relativeResultsDirectory="c2ddb0c1-c46e-4e92-bcb5-5323ad72a7f2">
    </UnitTestResult>
    <UnitTestResult executionId="aaab581e-d810-4208-ac58-869202203f35" testId="573effb8-d350-8600-0c71-3a2a438cd7b7" testName="vermenigvuldigenTest" computerName="AART-PC" duration="00:00:07.4834280" startTime="2012-05-31T16:00:29.8579036+02:00" endTime="2012-05-31T16:00:37.3413316+02:00" testType="13cdc9d9-ddb5-4fa4-a97d-d965ccfc6d4b" outcome="Aborted" testListId="8c84fa94-04c1-424b-9868-57a2d4851a1d" relativeResultsDirectory="aaab581e-d810-4208-ac58-869202203f35">
    </UnitTestResult>
    <UnitTestResult executionId="68ee2f7f-6d95-475a-bec9-c9a84e178d9e" testId="4f1a172c-d2e4-b386-cda5-bf278890f95b" testName="optellenTest" computerName="AART-PC" testType="13cdc9d9-ddb5-4fa4-a97d-d965ccfc6d4b" outcome="NotExecuted" testListId="8c84fa94-04c1-424b-9868-57a2d4851a1d" relativeResultsDirectory="68ee2f7f-6d95-475a-bec9-c9a84e178d9e">
    </UnitTestResult>
    <UnitTestResult executionId="fd11b250-2e0b-4247-9a9f-32576a338718" testId="34b6cb31-bef8-0d14-da99-76b7b01f4739" testName="kwadraterenTest" computerName="AART-PC" testType="13cdc9d9-ddb5-4fa4-a97d-d965ccfc6d4b" outcome="NotExecuted" testListId="8c84fa94-04c1-424b-9868-57a2d4851a1d" relativeResultsDirectory="fd11b250-2e0b-4247-9a9f-32576a338718">
    </UnitTestResult>
    <UnitTestResult executionId="487be7f1-bd38-4294-bccf-c7abab97a668" testId="f340e09c-2b81-0bfe-2c18-287e0ed3a4b9" testName="aftrekkenTest" computerName="AART-PC" testType="13cdc9d9-ddb5-4fa4-a97d-d965ccfc6d4b" outcome="NotExecuted" testListId="8c84fa94-04c1-424b-9868-57a2d4851a1d" relativeResultsDirectory="487be7f1-bd38-4294-bccf-c7abab97a668">
    </UnitTestResult>
  </Results>
</TestRun>