<?xml version="1.0" encoding="UTF-8"?>
<TestRun id="be342f72-6aea-401b-9e3d-0bbc1508d9bc" name="Aart@AART-PC 2012-05-31 16:00:53" runUser="Aart-PC\Aart" xmlns="http://microsoft.com/schemas/VisualStudio/TeamTest/2010">
  <TestSettings name="Local" id="2796fbf6-320d-4499-bb4d-3965ddba404f">
    <Description>These are default test settings for a local test run.</Description>
    <Deployment enabled="false" runDeploymentRoot="Aart_AART-PC 2012-05-31 16_00_53">
      <DeploymentItem filename="C:\Users\Aart\Dropbox\C#\GitHubTestApp\GitHubTestApp\bin\Debug\GitHubTestApp.exe" />
    </Deployment>
    <Execution>
      <TestTypeSpecific />
      <AgentRule name="Execution Agents">
      </AgentRule>
    </Execution>
  </TestSettings>
  <Times creation="2012-05-31T16:00:53.6582649+02:00" queuing="2012-05-31T16:00:55.5303719+02:00" start="2012-05-31T16:00:55.6993816+02:00" finish="2012-05-31T16:00:57.9075079+02:00" />
  <ResultSummary outcome="Completed">
    <Counters total="6" executed="6" passed="6" error="0" failed="0" timeout="0" aborted="0" inconclusive="0" passedButRunAborted="0" notRunnable="0" notExecuted="0" disconnected="0" warning="0" completed="0" inProgress="0" pending="0" />
  </ResultSummary>
  <TestDefinitions>
    <UnitTest name="woordOmdraaienTest" storage="c:\users\aart\dropbox\c#\githubtestapp\testproject1\bin\debug\testproject1.dll" id="4bfbda5d-1f2b-c7e8-dce6-019f769c6e0d">
      <Execution id="631488d8-b4d1-4601-ba1a-ba980ad96270" />
      <TestMethod codeBase="C:/Users/Aart/Dropbox/C#/GitHubTestApp/TestProject1/bin/Debug/TestProject1.DLL" adapterTypeName="Microsoft.VisualStudio.TestTools.TestTypes.Unit.UnitTestAdapter, Microsoft.VisualStudio.QualityTools.Tips.UnitTest.Adapter, Version=10.0.0.0, Culture=neutral, PublicKeyToken=b03f5f7f11d50a3a" className="TestProject1.ProgramTest, TestProject1, Version=1.0.0.0, Culture=neutral, PublicKeyToken=null" name="woordOmdraaienTest" />
    </UnitTest>
    <UnitTest name="aftrekkenTest" storage="c:\users\aart\dropbox\c#\githubtestapp\testproject1\bin\debug\testproject1.dll" id="f340e09c-2b81-0bfe-2c18-287e0ed3a4b9">
      <Execution id="c270d776-2383-4cf2-a1a6-de68e11293cc" />
      <TestMethod codeBase="C:/Users/Aart/Dropbox/C#/GitHubTestApp/TestProject1/bin/Debug/TestProject1.DLL" adapterTypeName="Microsoft.VisualStudio.TestTools.TestTypes.Unit.UnitTestAdapter, Microsoft.VisualStudio.QualityTools.Tips.UnitTest.Adapter, Version=10.0.0.0, Culture=neutral, PublicKeyToken=b03f5f7f11d50a3a" className="TestProject1.ProgramTest, TestProject1, Version=1.0.0.0, Culture=neutral, PublicKeyToken=null" name="aftrekkenTest" />
    </UnitTest>
    <UnitTest name="somDerCijfersTest" storage="c:\users\aart\dropbox\c#\githubtestapp\testproject1\bin\debug\testproject1.dll" id="3b59c91d-63a3-ba64-366d-07004b8d8398">
      <Execution id="a9a2484a-9eb9-4d3a-b207-cea8025cf538" />
      <TestMethod codeBase="C:/Users/Aart/Dropbox/C#/GitHubTestApp/TestProject1/bin/Debug/TestProject1.DLL" adapterTypeName="Microsoft.VisualStudio.TestTools.TestTypes.Unit.UnitTestAdapter, Microsoft.VisualStudio.QualityTools.Tips.UnitTest.Adapter, Version=10.0.0.0, Culture=neutral, PublicKeyToken=b03f5f7f11d50a3a" className="TestProject1.ProgramTest, TestProject1, Version=1.0.0.0, Culture=neutral, PublicKeyToken=null" name="somDerCijfersTest" />
    </UnitTest>
    <UnitTest name="optellenTest" storage="c:\users\aart\dropbox\c#\githubtestapp\testproject1\bin\debug\testproject1.dll" id="4f1a172c-d2e4-b386-cda5-bf278890f95b">
      <Execution id="6a47a953-2b5b-4b4a-afcd-0baac620bbd1" />
      <TestMethod codeBase="C:/Users/Aart/Dropbox/C#/GitHubTestApp/TestProject1/bin/Debug/TestProject1.DLL" adapterTypeName="Microsoft.VisualStudio.TestTools.TestTypes.Unit.UnitTestAdapter, Microsoft.VisualStudio.QualityTools.Tips.UnitTest.Adapter, Version=10.0.0.0, Culture=neutral, PublicKeyToken=b03f5f7f11d50a3a" className="TestProject1.ProgramTest, TestProject1, Version=1.0.0.0, Culture=neutral, PublicKeyToken=null" name="optellenTest" />
    </UnitTest>
    <UnitTest name="kwadraterenTest" storage="c:\users\aart\dropbox\c#\githubtestapp\testproject1\bin\debug\testproject1.dll" id="34b6cb31-bef8-0d14-da99-76b7b01f4739">
      <Execution id="535174d3-d951-4613-bd43-321d90d1e76b" />
      <TestMethod codeBase="C:/Users/Aart/Dropbox/C#/GitHubTestApp/TestProject1/bin/Debug/TestProject1.DLL" adapterTypeName="Microsoft.VisualStudio.TestTools.TestTypes.Unit.UnitTestAdapter, Microsoft.VisualStudio.QualityTools.Tips.UnitTest.Adapter, Version=10.0.0.0, Culture=neutral, PublicKeyToken=b03f5f7f11d50a3a" className="TestProject1.ProgramTest, TestProject1, Version=1.0.0.0, Culture=neutral, PublicKeyToken=null" name="kwadraterenTest" />
    </UnitTest>
    <UnitTest name="vermenigvuldigenTest" storage="c:\users\aart\dropbox\c#\githubtestapp\testproject1\bin\debug\testproject1.dll" id="573effb8-d350-8600-0c71-3a2a438cd7b7">
      <Execution id="0108b5e7-ea6b-4330-8a99-5a74d0cd0d4f" />
      <TestMethod codeBase="C:/Users/Aart/Dropbox/C#/GitHubTestApp/TestProject1/bin/Debug/TestProject1.DLL" adapterTypeName="Microsoft.VisualStudio.TestTools.TestTypes.Unit.UnitTestAdapter, Microsoft.VisualStudio.QualityTools.Tips.UnitTest.Adapter, Version=10.0.0.0, Culture=neutral, PublicKeyToken=b03f5f7f11d50a3a" className="TestProject1.ProgramTest, TestProject1, Version=1.0.0.0, Culture=neutral, PublicKeyToken=null" name="vermenigvuldigenTest" />
    </UnitTest>
  </TestDefinitions>
  <TestLists>
    <TestList name="Results Not in a List" id="8c84fa94-04c1-424b-9868-57a2d4851a1d" />
    <TestList name="All Loaded Results" id="19431567-8539-422a-85d7-44ee4e166bda" />
  </TestLists>
  <TestEntries>
    <TestEntry testId="4bfbda5d-1f2b-c7e8-dce6-019f769c6e0d" executionId="631488d8-b4d1-4601-ba1a-ba980ad96270" testListId="8c84fa94-04c1-424b-9868-57a2d4851a1d" />
    <TestEntry testId="3b59c91d-63a3-ba64-366d-07004b8d8398" executionId="a9a2484a-9eb9-4d3a-b207-cea8025cf538" testListId="8c84fa94-04c1-424b-9868-57a2d4851a1d" />
    <TestEntry testId="573effb8-d350-8600-0c71-3a2a438cd7b7" executionId="0108b5e7-ea6b-4330-8a99-5a74d0cd0d4f" testListId="8c84fa94-04c1-424b-9868-57a2d4851a1d" />
    <TestEntry testId="4f1a172c-d2e4-b386-cda5-bf278890f95b" executionId="6a47a953-2b5b-4b4a-afcd-0baac620bbd1" testListId="8c84fa94-04c1-424b-9868-57a2d4851a1d" />
    <TestEntry testId="34b6cb31-bef8-0d14-da99-76b7b01f4739" executionId="535174d3-d951-4613-bd43-321d90d1e76b" testListId="8c84fa94-04c1-424b-9868-57a2d4851a1d" />
    <TestEntry testId="f340e09c-2b81-0bfe-2c18-287e0ed3a4b9" executionId="c270d776-2383-4cf2-a1a6-de68e11293cc" testListId="8c84fa94-04c1-424b-9868-57a2d4851a1d" />
  </TestEntries>
  <Results>
    <UnitTestResult executionId="631488d8-b4d1-4601-ba1a-ba980ad96270" testId="4bfbda5d-1f2b-c7e8-dce6-019f769c6e0d" testName="woordOmdraaienTest" computerName="AART-PC" duration="00:00:00.0543910" startTime="2012-05-31T16:00:55.8083878+02:00" endTime="2012-05-31T16:00:57.4454815+02:00" testType="13cdc9d9-ddb5-4fa4-a97d-d965ccfc6d4b" outcome="Passed" testListId="8c84fa94-04c1-424b-9868-57a2d4851a1d" relativeResultsDirectory="631488d8-b4d1-4601-ba1a-ba980ad96270">
    </UnitTestResult>
    <UnitTestResult executionId="a9a2484a-9eb9-4d3a-b207-cea8025cf538" testId="3b59c91d-63a3-ba64-366d-07004b8d8398" testName="somDerCijfersTest" computerName="AART-PC" duration="00:00:00.0032211" startTime="2012-05-31T16:00:57.5014847+02:00" endTime="2012-05-31T16:00:57.5344866+02:00" testType="13cdc9d9-ddb5-4fa4-a97d-d965ccfc6d4b" outcome="Passed" testListId="8c84fa94-04c1-424b-9868-57a2d4851a1d" relativeResultsDirectory="a9a2484a-9eb9-4d3a-b207-cea8025cf538">
    </UnitTestResult>
    <UnitTestResult executionId="0108b5e7-ea6b-4330-8a99-5a74d0cd0d4f" testId="573effb8-d350-8600-0c71-3a2a438cd7b7" testName="vermenigvuldigenTest" computerName="AART-PC" duration="00:00:00.0007728" startTime="2012-05-31T16:00:57.5724887+02:00" endTime="2012-05-31T16:00:57.5894897+02:00" testType="13cdc9d9-ddb5-4fa4-a97d-d965ccfc6d4b" outcome="Passed" testListId="8c84fa94-04c1-424b-9868-57a2d4851a1d" relativeResultsDirectory="0108b5e7-ea6b-4330-8a99-5a74d0cd0d4f">
    </UnitTestResult>
    <UnitTestResult executionId="6a47a953-2b5b-4b4a-afcd-0baac620bbd1" testId="4f1a172c-d2e4-b386-cda5-bf278890f95b" testName="optellenTest" computerName="AART-PC" duration="00:00:00.0007617" startTime="2012-05-31T16:00:57.6304921+02:00" endTime="2012-05-31T16:00:57.6434928+02:00" testType="13cdc9d9-ddb5-4fa4-a97d-d965ccfc6d4b" outcome="Passed" testListId="8c84fa94-04c1-424b-9868-57a2d4851a1d" relativeResultsDirectory="6a47a953-2b5b-4b4a-afcd-0baac620bbd1">
    </UnitTestResult>
    <UnitTestResult executionId="535174d3-d951-4613-bd43-321d90d1e76b" testId="34b6cb31-bef8-0d14-da99-76b7b01f4739" testName="kwadraterenTest" computerName="AART-PC" duration="00:00:00.0007424" startTime="2012-05-31T16:00:57.6734945+02:00" endTime="2012-05-31T16:00:57.6864953+02:00" testType="13cdc9d9-ddb5-4fa4-a97d-d965ccfc6d4b" outcome="Passed" testListId="8c84fa94-04c1-424b-9868-57a2d4851a1d" relativeResultsDirectory="535174d3-d951-4613-bd43-321d90d1e76b">
    </UnitTestResult>
    <UnitTestResult executionId="c270d776-2383-4cf2-a1a6-de68e11293cc" testId="f340e09c-2b81-0bfe-2c18-287e0ed3a4b9" testName="aftrekkenTest" computerName="AART-PC" duration="00:00:00.0007588" startTime="2012-05-31T16:00:57.7164970+02:00" endTime="2012-05-31T16:00:57.7294977+02:00" testType="13cdc9d9-ddb5-4fa4-a97d-d965ccfc6d4b" outcome="Passed" testListId="8c84fa94-04c1-424b-9868-57a2d4851a1d" relativeResultsDirectory="c270d776-2383-4cf2-a1a6-de68e11293cc">
    </UnitTestResult>
  </Results>
</TestRun>